<?xml version="1.0" encoding="UTF-8"?>
<!-- Generated by org.testng.reporters.JUnitReportReporter -->
<testsuite skipped="0" hostname="GLB-171-PC" name="com.parameters.ParametersTest" tests="1" failures="0" timestamp="26 Mar 2018 11:09:32 GMT" time="15.786" errors="0">
  <testcase name="webLogin" time="15.786" classname="com.parameters.ParametersTest"/>
</testsuite> <!-- com.parameters.ParametersTest -->
