<?xml version="1.0" encoding="UTF-8"?>
<!-- Generated by org.testng.reporters.JUnitReportReporter -->
<testsuite skipped="0" hostname="GLB-171-PC" name="rest.basic.testing.PostRequest" tests="1" failures="0" timestamp="17 Feb 2018 06:12:58 GMT" time="2.922" errors="0">
  <testcase name="SearchPlaceInGoogle" time="2.922" classname="rest.basic.testing.PostRequest"/>
</testsuite> <!-- rest.basic.testing.PostRequest -->
