<?xml version="1.0" encoding="UTF-8"?>
<!-- Generated by org.testng.reporters.JUnitReportReporter -->
<testsuite skipped="0" hostname="GLB-171-PC" name="rest.basic.testing.ResponseValidation" tests="1" failures="0" timestamp="19 Feb 2018 08:14:17 GMT" time="3.296" errors="0">
  <testcase name="SearchPlaceInGoogle" time="3.296" classname="rest.basic.testing.ResponseValidation"/>
</testsuite> <!-- rest.basic.testing.ResponseValidation -->
