<?xml version="1.0" encoding="UTF-8"?>
<!-- Generated by org.testng.reporters.JUnitReportReporter -->
<testsuite skipped="0" hostname="GLB-171-PC" name="rest.basic.testing.GetRequestSample" tests="1" failures="0" timestamp="16 Feb 2018 07:13:52 GMT" time="3.251" errors="0">
  <testcase name="SearchPlaceInGoogle" time="3.251" classname="rest.basic.testing.GetRequestSample"/>
</testsuite> <!-- rest.basic.testing.GetRequestSample -->
