<?xml version="1.0" encoding="UTF-8"?>
<!-- Generated by org.testng.reporters.JUnitReportReporter -->
<testsuite name="testscript.ExecuteLeadTest" tests="1" time="11.343" ignored="0" failures="0" timestamp="14 Mar 2018 10:31:28 GMT" skipped="0" hostname="GLB-171-PC" errors="0">
  <testcase name="leadTest" time="11.343" classname="testscript.ExecuteLeadTest"/>
</testsuite> <!-- testscript.ExecuteLeadTest -->
