<?xml version="1.0" encoding="UTF-8"?>
<!-- Generated by org.testng.reporters.JUnitReportReporter -->
<testsuite skipped="0" hostname="GLB-171-PC" name="getRequest.GetData1" tests="2" failures="0" timestamp="09 Feb 2018 10:46:17 GMT" time="3.023" errors="0">
  <testcase name="testResponsecode" time="0.436" classname="getRequest.GetData1"/>
  <testcase name="testBody" time="2.587" classname="getRequest.GetData1"/>
</testsuite> <!-- getRequest.GetData1 -->
