<?xml version="1.0" encoding="UTF-8"?>
<!-- Generated by org.testng.reporters.JUnitReportReporter -->
<testsuite skipped="0" hostname="GLB-171-PC" name="getRequest.GetData" tests="1" failures="0" timestamp="09 Feb 2018 10:59:23 GMT" time="1.868" errors="0">
  <testcase name="testBody" time="1.868" classname="getRequest.GetData"/>
</testsuite> <!-- getRequest.GetData -->
