<?xml version="1.0" encoding="UTF-8"?>
<!-- Generated by org.testng.reporters.JUnitReportReporter -->
<testsuite name="com.seleniumbasics.GetTextAndLinkText" tests="1" time="20.908" ignored="0" failures="0" timestamp="15 Jun 2018 11:23:10 GMT" skipped="0" hostname="sarfaraz-PC" errors="0">
  <testcase name="test2" time="20.908" classname="com.seleniumbasics.GetTextAndLinkText"/>
</testsuite> <!-- com.seleniumbasics.GetTextAndLinkText -->
