<?xml version="1.0" encoding="UTF-8"?>
<!-- Generated by org.testng.reporters.JUnitReportReporter -->
<testsuite name="com.typesofwait.GetText" tests="1" time="9.661" ignored="0" failures="0" timestamp="30 Mar 2018 10:24:59 GMT" skipped="0" hostname="GLB-171-PC" errors="0">
  <testcase name="test2" time="9.661" classname="com.typesofwait.GetText"/>
</testsuite> <!-- com.typesofwait.GetText -->
