<?xml version="1.0" encoding="UTF-8"?>
<!-- Generated by org.testng.reporters.JUnitReportReporter -->
<testsuite name="com.seleniumbasics.MouseMovementConcept" tests="1" time="14.373" ignored="0" failures="0" timestamp="02 Apr 2018 10:44:05 GMT" skipped="0" hostname="GLB-171-PC" errors="0">
  <testcase name="test6" time="14.373" classname="com.seleniumbasics.MouseMovementConcept"/>
</testsuite> <!-- com.seleniumbasics.MouseMovementConcept -->
