<?xml version="1.0" encoding="UTF-8"?>
<!-- Generated by org.testng.reporters.JUnitReportReporter -->
<testsuite name="testscript.ExecuteLeadTest" tests="2" time="49.593" ignored="0" failures="0" timestamp="21 Mar 2018 07:04:24 GMT" skipped="0" hostname="GLB-171-PC" errors="0">
  <testcase name="leadTest" time="49.313" classname="testscript.ExecuteLeadTest"/>
  <testcase name="test1" time="0.280" classname="testscript.ExecuteLeadTest"/>
</testsuite> <!-- testscript.ExecuteLeadTest -->
