<?xml version="1.0" encoding="UTF-8"?>
<!-- Generated by org.testng.reporters.JUnitReportReporter -->
<testsuite name="com.typesofwait.GetTextAndLinkText" tests="1" time="21.487" ignored="0" failures="0" timestamp="31 Mar 2018 05:07:09 GMT" skipped="0" hostname="GLB-171-PC" errors="0">
  <testcase name="test2" time="21.487" classname="com.typesofwait.GetTextAndLinkText"/>
</testsuite> <!-- com.typesofwait.GetTextAndLinkText -->
