<?xml version="1.0" encoding="UTF-8"?>
<!-- Generated by org.testng.reporters.JUnitReportReporter -->
<testsuite name="com.popupWindow.AuthenticationPopupWindow" tests="1" time="23.505" ignored="0" failures="0" timestamp="30 Mar 2018 06:02:44 GMT" skipped="0" hostname="GLB-171-PC" errors="0">
  <testcase name="test1" time="23.505" classname="com.popupWindow.AuthenticationPopupWindow"/>
</testsuite> <!-- com.popupWindow.AuthenticationPopupWindow -->
