<?xml version="1.0" encoding="UTF-8"?>
<!-- Generated by org.testng.reporters.JUnitReportReporter -->
<testsuite skipped="0" hostname="GLB-171-PC" name="generalpractise.B" tests="3" failures="0" timestamp="30 Nov 2017 07:30:01 GMT" time="0.013" errors="0">
  <testcase name="xyz" time="0.010" classname="generalpractise.B"/>
  <testcase name="test2" time="0.002" classname="generalpractise.B"/>
  <testcase name="test1" time="0.001" classname="generalpractise.B"/>
</testsuite> <!-- generalpractise.B -->
