<?xml version="1.0" encoding="UTF-8"?>
<!-- Generated by org.testng.reporters.JUnitReportReporter -->
<testsuite skipped="0" hostname="GLB-171-PC" name="TestngTest.NaveenGoogleTest" tests="3" failures="0" timestamp="24 Mar 2018 06:19:19 GMT" time="31.008" errors="0">
  <testcase name="googleLogoTest" time="14.140" classname="TestngTest.NaveenGoogleTest"/>
  <testcase name="googleTitleTest" time="8.058" classname="TestngTest.NaveenGoogleTest"/>
  <testcase name="mailLinkTest" time="8.810" classname="TestngTest.NaveenGoogleTest"/>
</testsuite> <!-- TestngTest.NaveenGoogleTest -->
