<?xml version="1.0" encoding="UTF-8"?>
<!-- Generated by org.testng.reporters.JUnitReportReporter -->
<testsuite skipped="0" hostname="GLB-171-PC" name="TestngTest.GoogleTest" tests="3" failures="0" timestamp="22 Mar 2018 13:36:37 GMT" time="23.876" errors="0">
  <testcase name="mailLink" time="8.312" classname="TestngTest.GoogleTest"/>
  <testcase name="googleLogo" time="7.999" classname="TestngTest.GoogleTest"/>
  <testcase name="googleTitle" time="7.565" classname="TestngTest.GoogleTest"/>
</testsuite> <!-- TestngTest.GoogleTest -->
