<?xml version="1.0" encoding="UTF-8"?>
<!-- Generated by org.testng.reporters.JUnitReportReporter -->
<testsuite skipped="0" hostname="GLB-171-PC" name="TestngTest.Allannotations" tests="2" failures="0" timestamp="24 Mar 2018 05:22:22 GMT" time="0.007" errors="0">
  <testcase name="test2" time="0.001" classname="TestngTest.Allannotations"/>
  <testcase name="test1" time="0.006" classname="TestngTest.Allannotations"/>
</testsuite> <!-- TestngTest.Allannotations -->
