<?xml version="1.0" encoding="UTF-8"?>
<!-- Generated by org.testng.reporters.JUnitReportReporter -->
<testsuite skipped="0" hostname="GLB-171-PC" name="TestngTest.InvocationCountTest" tests="10" failures="0" timestamp="24 Mar 2018 06:19:19 GMT" time="0.012" errors="0">
  <testcase name="test1" time="0.001" classname="TestngTest.InvocationCountTest"/>
  <testcase name="test1" time="0.001" classname="TestngTest.InvocationCountTest"/>
  <testcase name="test1" time="0.001" classname="TestngTest.InvocationCountTest"/>
  <testcase name="test1" time="0.000" classname="TestngTest.InvocationCountTest"/>
  <testcase name="test1" time="0.001" classname="TestngTest.InvocationCountTest"/>
  <testcase name="test1" time="0.001" classname="TestngTest.InvocationCountTest"/>
  <testcase name="test1" time="0.001" classname="TestngTest.InvocationCountTest"/>
  <testcase name="test1" time="0.001" classname="TestngTest.InvocationCountTest"/>
  <testcase name="test1" time="0.003" classname="TestngTest.InvocationCountTest"/>
  <testcase name="test1" time="0.002" classname="TestngTest.InvocationCountTest"/>
</testsuite> <!-- TestngTest.InvocationCountTest -->
