<?xml version="1.0" encoding="UTF-8"?>
<!-- Generated by org.testng.reporters.JUnitReportReporter -->
<testsuite skipped="0" hostname="GLB-171-PC" name="TestngTest.FirstTestngScript" tests="1" failures="0" timestamp="24 Mar 2018 05:25:49 GMT" time="0.006" errors="0">
  <testcase name="selectItems" time="0.006" classname="TestngTest.FirstTestngScript"/>
</testsuite> <!-- TestngTest.FirstTestngScript -->
