<?xml version="1.0" encoding="UTF-8"?>
<!-- Generated by org.testng.reporters.JUnitReportReporter -->
<testsuite skipped="0" hostname="GLB-171-PC" name="TestngTest.GroupTest" tests="4" failures="0" timestamp="24 Mar 2018 06:19:19 GMT" time="0.003" errors="0">
  <testcase name="test1" time="0.001" classname="TestngTest.GroupTest"/>
  <testcase name="test4" time="0.001" classname="TestngTest.GroupTest"/>
  <testcase name="test2" time="0.001" classname="TestngTest.GroupTest"/>
  <testcase name="test3" time="0.000" classname="TestngTest.GroupTest"/>
</testsuite> <!-- TestngTest.GroupTest -->
