<?xml version="1.0" encoding="UTF-8"?>
<!-- Generated by org.testng.reporters.JUnitReportReporter -->
<testsuite skipped="0" hostname="GLB-171-PC" name="TestngTest.FirstTestngScriptTest" tests="2" failures="0" timestamp="24 Mar 2018 06:30:00 GMT" time="0.014" errors="0">
  <testcase name="selectItems" time="0.010" classname="TestngTest.FirstTestngScriptTest"/>
  <testcase name="checkOut" time="0.004" classname="TestngTest.FirstTestngScriptTest"/>
</testsuite> <!-- TestngTest.FirstTestngScriptTest -->
