<?xml version="1.0" encoding="UTF-8"?>
<!-- Generated by org.testng.reporters.JUnitReportReporter -->
<testsuite skipped="0" hostname="GLB-171-PC" name="com.parameters.ParametersTest" tests="1" failures="0" timestamp="24 Mar 2018 08:21:37 GMT" time="18.498" errors="0">
  <testcase name="webLogin" time="18.498" classname="com.parameters.ParametersTest"/>
</testsuite> <!-- com.parameters.ParametersTest -->
