<?xml version="1.0" encoding="UTF-8"?>
<!-- Generated by org.testng.reporters.JUnitReportReporter -->
<testsuite skipped="0" hostname="GLB-171-PC" name="TestngTest.ParametersInTestngTest" tests="1" failures="0" timestamp="24 Mar 2018 09:08:06 GMT" time="0.010" errors="0">
  <testcase name="test1" time="0.010" classname="TestngTest.ParametersInTestngTest"/>
</testsuite> <!-- TestngTest.ParametersInTestngTest -->
