<?xml version="1.0" encoding="UTF-8"?>
<!-- Generated by org.testng.reporters.JUnitReportReporter -->
<testsuite skipped="0" hostname="GLB-171-PC" name="TestngTest.DependsOnTest" tests="1" failures="0" timestamp="24 Mar 2018 06:30:00 GMT" time="0.001" errors="0">
  <testcase name="login" time="0.001" classname="TestngTest.DependsOnTest"/>
</testsuite> <!-- TestngTest.DependsOnTest -->
